{"meta": {"format": 3, "version": "7.8.0", "timestamp": "2025-04-14T04:12:57.747765", "branch_coverage": true, "show_contexts": false}, "files": {"src\\case_studies\\quadratic_solver.py": {"executed_lines": [1, 2, 4, 5, 9, 10, 27, 31, 33, 34, 35, 37, 39, 42, 45, 47, 48, 49, 50, 52, 53, 56, 57, 58], "summary": {"covered_lines": 23, "num_statements": 24, "percent_covered": 94.44444444444444, "percent_covered_display": "94", "missing_lines": 1, "excluded_lines": 0, "num_branches": 12, "num_partial_branches": 1, "covered_branches": 11, "missing_branches": 1}, "missing_lines": [28], "excluded_lines": [], "executed_branches": [[27, 31], [31, 33], [31, 42], [33, 34], [33, 39], [34, 35], [34, 37], [45, 47], [45, 50], [50, 52], [50, 56]], "missing_branches": [[27, 28]], "functions": {"QuadraticSolver.solve": {"executed_lines": [27, 31, 33, 34, 35, 37, 39, 42, 45, 47, 48, 49, 50, 52, 53, 56, 57, 58], "summary": {"covered_lines": 18, "num_statements": 19, "percent_covered": 93.54838709677419, "percent_covered_display": "94", "missing_lines": 1, "excluded_lines": 0, "num_branches": 12, "num_partial_branches": 1, "covered_branches": 11, "missing_branches": 1}, "missing_lines": [28], "excluded_lines": [], "executed_branches": [[27, 31], [31, 33], [31, 42], [33, 34], [33, 39], [34, 35], [34, 37], [45, 47], [45, 50], [50, 52], [50, 56]], "missing_branches": [[27, 28]]}, "": {"executed_lines": [1, 2, 4, 5, 9, 10], "summary": {"covered_lines": 5, "num_statements": 5, "percent_covered": 100.0, "percent_covered_display": "100", "missing_lines": 0, "excluded_lines": 0, "num_branches": 0, "num_partial_branches": 0, "covered_branches": 0, "missing_branches": 0}, "missing_lines": [], "excluded_lines": [], "executed_branches": [], "missing_branches": []}}, "classes": {"QuadraticSolver": {"executed_lines": [27, 31, 33, 34, 35, 37, 39, 42, 45, 47, 48, 49, 50, 52, 53, 56, 57, 58], "summary": {"covered_lines": 18, "num_statements": 19, "percent_covered": 93.54838709677419, "percent_covered_display": "94", "missing_lines": 1, "excluded_lines": 0, "num_branches": 12, "num_partial_branches": 1, "covered_branches": 11, "missing_branches": 1}, "missing_lines": [28], "excluded_lines": [], "executed_branches": [[27, 31], [31, 33], [31, 42], [33, 34], [33, 39], [34, 35], [34, 37], [45, 47], [45, 50], [50, 52], [50, 56]], "missing_branches": [[27, 28]]}, "": {"executed_lines": [1, 2, 4, 5, 9, 10], "summary": {"covered_lines": 5, "num_statements": 5, "percent_covered": 100.0, "percent_covered_display": "100", "missing_lines": 0, "excluded_lines": 0, "num_branches": 0, "num_partial_branches": 0, "covered_branches": 0, "missing_branches": 0}, "missing_lines": [], "excluded_lines": [], "executed_branches": [], "missing_branches": []}}}}, "totals": {"covered_lines": 23, "num_statements": 24, "percent_covered": 94.44444444444444, "percent_covered_display": "94", "missing_lines": 1, "excluded_lines": 0, "num_branches": 12, "num_partial_branches": 1, "covered_branches": 11, "missing_branches": 1}}